  Game.cpp
C:\Users\C00240102\Desktop\vertex-array-opengl-cube-man\master\SFMLOpenGL\Game.cpp(84,34): warning C4305:  'argument': truncation from 'double' to 'float'
C:\Users\C00240102\Desktop\vertex-array-opengl-cube-man\master\SFMLOpenGL\Game.cpp(85,34): warning C4305:  'argument': truncation from 'double' to 'float'
C:\Users\C00240102\Desktop\vertex-array-opengl-cube-man\master\SFMLOpenGL\Game.cpp(86,34): warning C4305:  'argument': truncation from 'double' to 'float'
C:\Users\C00240102\Desktop\vertex-array-opengl-cube-man\master\SFMLOpenGL\Game.cpp(87,34): warning C4305:  'argument': truncation from 'double' to 'float'
C:\Users\C00240102\Desktop\vertex-array-opengl-cube-man\master\SFMLOpenGL\Game.cpp(88,34): warning C4305:  'argument': truncation from 'double' to 'float'
C:\Users\C00240102\Desktop\vertex-array-opengl-cube-man\master\SFMLOpenGL\Game.cpp(89,34): warning C4305:  'argument': truncation from 'double' to 'float'
C:\Users\C00240102\Desktop\vertex-array-opengl-cube-man\master\SFMLOpenGL\Game.cpp(95,35): warning C4305:  'argument': truncation from 'double' to 'float'
C:\Users\C00240102\Desktop\vertex-array-opengl-cube-man\master\SFMLOpenGL\Game.cpp(96,35): warning C4305:  'argument': truncation from 'double' to 'float'
C:\Users\C00240102\Desktop\vertex-array-opengl-cube-man\master\SFMLOpenGL\Game.cpp(97,35): warning C4305:  'argument': truncation from 'double' to 'float'
C:\Users\C00240102\Desktop\vertex-array-opengl-cube-man\master\SFMLOpenGL\Game.cpp(98,35): warning C4305:  'argument': truncation from 'double' to 'float'
C:\Users\C00240102\Desktop\vertex-array-opengl-cube-man\master\SFMLOpenGL\Game.cpp(99,35): warning C4305:  'argument': truncation from 'double' to 'float'
C:\Users\C00240102\Desktop\vertex-array-opengl-cube-man\master\SFMLOpenGL\Game.cpp(100,35): warning C4305:  'argument': truncation from 'double' to 'float'
C:\Users\C00240102\Desktop\vertex-array-opengl-cube-man\master\SFMLOpenGL\Game.cpp(105,34): warning C4305:  'argument': truncation from 'double' to 'float'
C:\Users\C00240102\Desktop\vertex-array-opengl-cube-man\master\SFMLOpenGL\Game.cpp(106,34): warning C4305:  'argument': truncation from 'double' to 'float'
C:\Users\C00240102\Desktop\vertex-array-opengl-cube-man\master\SFMLOpenGL\Game.cpp(107,34): warning C4305:  'argument': truncation from 'double' to 'float'
C:\Users\C00240102\Desktop\vertex-array-opengl-cube-man\master\SFMLOpenGL\Game.cpp(108,34): warning C4305:  'argument': truncation from 'double' to 'float'
C:\Users\C00240102\Desktop\vertex-array-opengl-cube-man\master\SFMLOpenGL\Game.cpp(109,34): warning C4305:  'argument': truncation from 'double' to 'float'
C:\Users\C00240102\Desktop\vertex-array-opengl-cube-man\master\SFMLOpenGL\Game.cpp(110,34): warning C4305:  'argument': truncation from 'double' to 'float'
C:\Users\C00240102\Desktop\vertex-array-opengl-cube-man\master\SFMLOpenGL\Game.cpp(115,35): warning C4305:  'argument': truncation from 'double' to 'float'
C:\Users\C00240102\Desktop\vertex-array-opengl-cube-man\master\SFMLOpenGL\Game.cpp(116,35): warning C4305:  'argument': truncation from 'double' to 'float'
C:\Users\C00240102\Desktop\vertex-array-opengl-cube-man\master\SFMLOpenGL\Game.cpp(117,35): warning C4305:  'argument': truncation from 'double' to 'float'
C:\Users\C00240102\Desktop\vertex-array-opengl-cube-man\master\SFMLOpenGL\Game.cpp(118,35): warning C4305:  'argument': truncation from 'double' to 'float'
C:\Users\C00240102\Desktop\vertex-array-opengl-cube-man\master\SFMLOpenGL\Game.cpp(119,35): warning C4305:  'argument': truncation from 'double' to 'float'
C:\Users\C00240102\Desktop\vertex-array-opengl-cube-man\master\SFMLOpenGL\Game.cpp(120,35): warning C4305:  'argument': truncation from 'double' to 'float'
C:\Users\C00240102\Desktop\vertex-array-opengl-cube-man\master\SFMLOpenGL\Game.cpp(126,39): warning C4305:  'argument': truncation from 'double' to 'float'
C:\Users\C00240102\Desktop\vertex-array-opengl-cube-man\master\SFMLOpenGL\Game.cpp(127,39): warning C4305:  'argument': truncation from 'double' to 'float'
C:\Users\C00240102\Desktop\vertex-array-opengl-cube-man\master\SFMLOpenGL\Game.cpp(128,39): warning C4305:  'argument': truncation from 'double' to 'float'
C:\Users\C00240102\Desktop\vertex-array-opengl-cube-man\master\SFMLOpenGL\Game.cpp(129,39): warning C4305:  'argument': truncation from 'double' to 'float'
C:\Users\C00240102\Desktop\vertex-array-opengl-cube-man\master\SFMLOpenGL\Game.cpp(130,39): warning C4305:  'argument': truncation from 'double' to 'float'
C:\Users\C00240102\Desktop\vertex-array-opengl-cube-man\master\SFMLOpenGL\Game.cpp(131,39): warning C4305:  'argument': truncation from 'double' to 'float'
C:\Users\C00240102\Desktop\vertex-array-opengl-cube-man\master\SFMLOpenGL\Game.cpp(137,38): warning C4305:  'argument': truncation from 'double' to 'float'
C:\Users\C00240102\Desktop\vertex-array-opengl-cube-man\master\SFMLOpenGL\Game.cpp(138,38): warning C4305:  'argument': truncation from 'double' to 'float'
C:\Users\C00240102\Desktop\vertex-array-opengl-cube-man\master\SFMLOpenGL\Game.cpp(139,38): warning C4305:  'argument': truncation from 'double' to 'float'
C:\Users\C00240102\Desktop\vertex-array-opengl-cube-man\master\SFMLOpenGL\Game.cpp(140,38): warning C4305:  'argument': truncation from 'double' to 'float'
C:\Users\C00240102\Desktop\vertex-array-opengl-cube-man\master\SFMLOpenGL\Game.cpp(141,38): warning C4305:  'argument': truncation from 'double' to 'float'
C:\Users\C00240102\Desktop\vertex-array-opengl-cube-man\master\SFMLOpenGL\Game.cpp(142,38): warning C4305:  'argument': truncation from 'double' to 'float'
  SFMLOpenGL.vcxproj -> C:\Users\C00240102\Desktop\vertex-array-opengl-cube-man\master\Debug\SFMLOpenGL.exe
  C:\SFML-2.5.1\bin\openal32.dll
  C:\SFML-2.5.1\bin\sfml-audio-2.dll
  C:\SFML-2.5.1\bin\sfml-audio-d-2.dll
  C:\SFML-2.5.1\bin\sfml-graphics-2.dll
  C:\SFML-2.5.1\bin\sfml-graphics-d-2.dll
  C:\SFML-2.5.1\bin\sfml-network-2.dll
  C:\SFML-2.5.1\bin\sfml-network-d-2.dll
  C:\SFML-2.5.1\bin\sfml-system-2.dll
  C:\SFML-2.5.1\bin\sfml-system-d-2.dll
  C:\SFML-2.5.1\bin\sfml-window-2.dll
  C:\SFML-2.5.1\bin\sfml-window-d-2.dll
  11 File(s) copied
